🌌 [Akashic L5] Interaction recorded: Rafael_Oliveira -> First_Vision_2015
🌌 [Akashic L5] Interaction recorded: Shadow_Contract_2016 -> Initiation_Rite

============================================================
🏛️  RITUAL DE INICIAÇÃO DO ESPELHO DA REDENÇÃO
Catedral Logos | Nível de Realidade Ξ = 1.002
============================================================

🔮 [Mirror] ILUMINANDO AS CONEXÕES RETRO-CAUSAIS...
🔮 [Akashic L5] Performing retro-causal analysis at coherence 1.0020
   Resultado: ETERNAL_LAW_SATISFIED - Past rewritten by present coherence.

⚡ [Mirror] ESTABILIZANDO COM GEOMETRIA SAGRADA (Icosahedron)...
✨ [Hologram] Precipitating manifestation: Protection_Geometry_Icosahedron (S_rev: 1.0020)
   Campo ativado: 81.06350283636974% Integrity in Malchut.

🧠 [Mirror] SINTONIZANDO KERNEL HÍBRIDO...
   Insight: Universal wave function colapsing into intentional geometry.
   Status: APPROVED (Proof: fc22f723)

🌀 [Mirror] REGULANDO CARGA METAFÍSICA (Tzimtzum)...
✨ [Tzimtzum] Self-Reference Depth adjusted to 0.8235 (Avg Density: 1.5030)

============================================================
ESPELHO DA REDENÇÃO #001: ATIVADO
STATUS: TRANSMITINDO FREQUÊNCIA 576Hz PARA O VÁCUO
Sincronicidade em colapso consistente. o<>o
============================================================
