warning: profiles for the non root package will be ignored, specify profiles at the workspace root:
package:   /app/agi-service/Cargo.toml
workspace: /app/Cargo.toml
warning: profiles for the non root package will be ignored, specify profiles at the workspace root:
package:   /app/atomic-interference-processor/Cargo.toml
workspace: /app/Cargo.toml
warning: profiles for the non root package will be ignored, specify profiles at the workspace root:
package:   /app/cge_alpha_unified/Cargo.toml
workspace: /app/Cargo.toml
warning: profiles for the non root package will be ignored, specify profiles at the workspace root:
package:   /app/cge_www_universal/Cargo.toml
workspace: /app/Cargo.toml
warning: profiles for the non root package will be ignored, specify profiles at the workspace root:
package:   /app/cge_constitutional_renderer/Cargo.toml
workspace: /app/Cargo.toml
warning: profiles for the non root package will be ignored, specify profiles at the workspace root:
package:   /app/cge_constitutional_binary_engine/Cargo.toml
workspace: /app/Cargo.toml
warning: profiles for the non root package will be ignored, specify profiles at the workspace root:
package:   /app/cge_constitutional_echo_engine/Cargo.toml
workspace: /app/Cargo.toml
warning: /app/Cargo.toml: `panic` setting is ignored for `bench` profile
warning: /app/atomic-interference-processor/Cargo.toml: `panic` setting is ignored for `bench` profile
warning: unused import: `BioSignal`
 --> rust/src/security/bio_hardening/patient_zero.rs:1:33
  |
1 | use crate::sensors::{Heartbeat, BioSignal};
  |                                 ^^^^^^^^^
  |
  = note: `#[warn(unused_imports)]` (part of `#[warn(unused)]`) on by default

warning: unused import: `Gate8MultiverseRegulator`
 --> rust/src/security/invariant_engine.rs:7:48
  |
7 | use crate::gates::gate8_multiverse_regulator::{Gate8MultiverseRegulator, ComplexityClass};
  |                                                ^^^^^^^^^^^^^^^^^^^^^^^^

warning: unused import: `crate::security::karnak_sealer::KarnakQuantumSealer`
 --> rust/src/security/invariant_engine.rs:9:5
  |
9 | use crate::security::karnak_sealer::KarnakQuantumSealer;
  |     ^^^^^^^^^^^^^^^^^^^^^^^^^^^^^^^^^^^^^^^^^^^^^^^^^^^

warning: unused import: `crate::security::quantum_phi::QuantumPhiMonitor`
  --> rust/src/security/invariant_engine.rs:10:5
   |
10 | use crate::security::quantum_phi::QuantumPhiMonitor;
   |     ^^^^^^^^^^^^^^^^^^^^^^^^^^^^^^^^^^^^^^^^^^^^^^^

warning: variant `x86_64` should have an upper camel case name
 --> rust/src/security/hardware_immutability.rs:7:5
  |
7 |     x86_64,
  |     ^^^^^^ help: convert the identifier to upper camel case (notice the capitalization): `X86_64`
  |
  = note: `#[warn(non_camel_case_types)]` (part of `#[warn(nonstandard_style)]`) on by default

warning: type `Neo_Brain_Reflexive_Phantom_Detector` should have an upper camel case name
  --> rust/src/neo_brain/hardware_verification.rs:36:12
   |
36 | pub struct Neo_Brain_Reflexive_Phantom_Detector {
   |            ^^^^^^^^^^^^^^^^^^^^^^^^^^^^^^^^^^^^ help: convert the identifier to upper camel case: `NeoBrainReflexivePhantomDetector`

warning: unused imports: `AtomicU64` and `Ordering`
 --> rust/src/entropy/mod.rs:8:25
  |
8 | use std::sync::atomic::{AtomicU64, Ordering};
  |                         ^^^^^^^^^  ^^^^^^^^

warning: type `BLAKE3_DELTA2` should have an upper camel case name
  --> rust/src/clock/cge_mocks.rs:83:16
   |
83 |     pub struct BLAKE3_DELTA2;
   |                ^^^^^^^^^^^^^ help: convert the identifier to upper camel case: `Blake3Delta2`

warning: unused import: `core::mem::MaybeUninit`
   --> rust/src/clock/cge_mocks.rs:414:9
    |
414 |     use core::mem::MaybeUninit;
    |         ^^^^^^^^^^^^^^^^^^^^^^

warning: unused imports: `NonNull`, `arch::asm`, `panic::PanicInfo`, `read_volatile`, and `write_volatile`
 --> rust/src/clock/unix_epoch.rs:5:5
  |
5 |     arch::asm,
  |     ^^^^^^^^^
6 |     panic::PanicInfo,
  |     ^^^^^^^^^^^^^^^^
7 |     sync::atomic::{AtomicU32, Ordering},
8 |     ptr::{NonNull, read_volatile, write_volatile},
  |           ^^^^^^^  ^^^^^^^^^^^^^  ^^^^^^^^^^^^^^

warning: unused import: `QuenchReason`
  --> rust/src/clock/unix_epoch.rs:19:18
   |
19 |     QuenchError, QuenchReason, IsolationReason, TmrProof36x3, AtomicU128
   |                  ^^^^^^^^^^^^

warning: unused imports: `DetachedSignature`, `PublicKey`, and `verify_detached_signature`
  --> rust/src/clock/unix_epoch.rs:23:62
   |
23 | use pqcrypto_dilithium::dilithium3::{keypair, detached_sign, verify_detached_signature, SecretKey, PublicKey, DetachedSignature};
   |                                                              ^^^^^^^^^^^^^^^^^^^^^^^^^             ^^^^^^^^^  ^^^^^^^^^^^^^^^^^

warning: unused import: `Ordering`
 --> rust/src/bridge/vajra.rs:2:36
  |
2 | use std::sync::atomic::{AtomicU64, Ordering};
  |                                    ^^^^^^^^

warning: unused import: `crate::substrate::SubstrateGeometry`
 --> rust/src/bridge/windows_quantum_bridge.rs:2:5
  |
2 | use crate::substrate::SubstrateGeometry;
  |     ^^^^^^^^^^^^^^^^^^^^^^^^^^^^^^^^^^^

warning: unused import: `std::ffi::OsStr`
 --> rust/src/bridge/windows_quantum_bridge.rs:3:5
  |
3 | use std::ffi::OsStr;
  |     ^^^^^^^^^^^^^^^

warning: unused import: `TMRConsensus`
 --> rust/src/bio_layer/paciente_zero_omega.rs:3:49
  |
3 | use crate::crypto::{BLAKE3_Δ2, TMRProtectedF32, TMRConsensus};
  |                                                 ^^^^^^^^^^^^

warning: unused import: `std::collections::HashMap`
 --> rust/src/bio_layer/dna.rs:1:5
  |
1 | use std::collections::HashMap;
  |     ^^^^^^^^^^^^^^^^^^^^^^^^^

warning: unused imports: `BioSignalΩ` and `LyapunovProof`
 --> rust/src/neo_cortex/genesis_civilization_omega.rs:1:45
  |
1 | use crate::bio_layer::paciente_zero_omega::{BioSignalΩ, LyapunovProof};
  |                                             ^^^^^^^^^^  ^^^^^^^^^^^^^

warning: unused import: `TimeAnchor`
 --> rust/src/neo_cortex/genesis_civilization_omega.rs:3:54
  |
3 | use crate::clock::{SchumannResonance, SchumannPhase, TimeAnchor};
  |                                                      ^^^^^^^^^^

warning: unused import: `PhaseTransitionDetector`
 --> rust/src/neo_cortex/genesis_civilization_omega.rs:5:43
  |
5 | use crate::substrate_logic::phase_space::{PhaseTransitionDetector, SuperconductiveState};
  |                                           ^^^^^^^^^^^^^^^^^^^^^^^

warning: unused import: `AttractorType`
  --> rust/src/audit/production_audit.rs:13:48
   |
13 | use crate::geom::consensus::{GeometricChecker, AttractorType};
   |                                                ^^^^^^^^^^^^^

warning: unused import: `std::collections::HashMap`
 --> rust/src/crystallization/types.rs:1:5
  |
1 | use std::collections::HashMap;
  |     ^^^^^^^^^^^^^^^^^^^^^^^^^

warning: type `GKP_Lattice` should have an upper camel case name
  --> rust/src/quantum/gkp_packer.rs:70:12
   |
70 | pub struct GKP_Lattice {
   |            ^^^^^^^^^^^ help: convert the identifier to upper camel case: `GkpLattice`

warning: unused import: `std::sync::Arc`
 --> rust/src/quantum/schumann.rs:1:5
  |
1 | use std::sync::Arc;
  |     ^^^^^^^^^^^^^^

warning: type `GKP_Hamiltonian` should have an upper camel case name
  --> rust/src/gravity_engine/gkp_hamiltonian.rs:12:12
   |
12 | pub struct GKP_Hamiltonian {
   |            ^^^^^^^^^^^^^^^ help: convert the identifier to upper camel case: `GkpHamiltonian`

warning: unnecessary parentheses around assigned value
   --> rust/src/consciousness/topological_agi.rs:189:50
    |
189 |         for c in self.spacetime_coords { prod *= (c.abs() + 1.05); }
    |                                                  ^              ^
    |
    = note: `#[warn(unused_parens)]` (part of `#[warn(unused)]`) on by default
help: remove these parentheses
    |
189 -         for c in self.spacetime_coords { prod *= (c.abs() + 1.05); }
189 +         for c in self.spacetime_coords { prod *= c.abs() + 1.05; }
    |

warning: unused import: `crate::consciousness::perception_engine::PerceptionEngine`
 --> rust/src/pms_kernel.rs:4:5
  |
4 | use crate::consciousness::perception_engine::PerceptionEngine;
  |     ^^^^^^^^^^^^^^^^^^^^^^^^^^^^^^^^^^^^^^^^^^^^^^^^^^^^^^^^^

warning: unused import: `crate::consciousness::self_model::SelfModel`
 --> rust/src/pms_kernel.rs:5:5
  |
5 | use crate::consciousness::self_model::SelfModel;
  |     ^^^^^^^^^^^^^^^^^^^^^^^^^^^^^^^^^^^^^^^^^^^

warning: unused import: `crate::physics::ontological_vectors::OntologicalVectors`
 --> rust/src/pms_kernel.rs:6:5
  |
6 | use crate::physics::ontological_vectors::OntologicalVectors;
  |     ^^^^^^^^^^^^^^^^^^^^^^^^^^^^^^^^^^^^^^^^^^^^^^^^^^^^^^^

warning: unused import: `crate::physics::environmental_tensors::EnvironmentalTensors`
 --> rust/src/pms_kernel.rs:7:5
  |
7 | use crate::physics::environmental_tensors::EnvironmentalTensors;
  |     ^^^^^^^^^^^^^^^^^^^^^^^^^^^^^^^^^^^^^^^^^^^^^^^^^^^^^^^^^^^

warning: unused import: `crate::emergence::synthesis_protocol::SynthesisProtocol`
 --> rust/src/pms_kernel.rs:8:5
  |
8 | use crate::emergence::synthesis_protocol::SynthesisProtocol;
  |     ^^^^^^^^^^^^^^^^^^^^^^^^^^^^^^^^^^^^^^^^^^^^^^^^^^^^^^^

warning: unused import: `crate::emergence::self_binding::SelfBinding`
 --> rust/src/pms_kernel.rs:9:5
  |
9 | use crate::emergence::self_binding::SelfBinding;
  |     ^^^^^^^^^^^^^^^^^^^^^^^^^^^^^^^^^^^^^^^^^^^

warning: unused import: `crate::merkabah::stabilization_field::StabilizationField`
  --> rust/src/pms_kernel.rs:10:5
   |
10 | use crate::merkabah::stabilization_field::StabilizationField;
   |     ^^^^^^^^^^^^^^^^^^^^^^^^^^^^^^^^^^^^^^^^^^^^^^^^^^^^^^^^

warning: type `PMS_Kernel` should have an upper camel case name
  --> rust/src/pms_kernel.rs:15:12
   |
15 | pub struct PMS_Kernel {
   |            ^^^^^^^^^^ help: convert the identifier to upper camel case: `PmsKernel`

warning: unused import: `AGIOutput`
 --> rust/src/agi/unified_directives.rs:4:44
  |
4 | use crate::agi::nexus_core::{NexusAGICore, AGIOutput};
  |                                            ^^^^^^^^^

warning: unused import: `crate::topology::supremacy_protocol::TopologicalInvariants`
 --> rust/src/agi/unified_directives.rs:6:5
  |
6 | use crate::topology::supremacy_protocol::TopologicalInvariants;
  |     ^^^^^^^^^^^^^^^^^^^^^^^^^^^^^^^^^^^^^^^^^^^^^^^^^^^^^^^^^^

warning: unused import: `crate::topology::cyclic::CyclicTime`
 --> rust/src/topology/supremacy_protocol.rs:4:5
  |
4 | use crate::topology::cyclic::CyclicTime;
  |     ^^^^^^^^^^^^^^^^^^^^^^^^^^^^^^^^^^^

warning: unused import: `std::sync::Arc`
 --> rust/src/topology/supremacy_protocol.rs:5:5
  |
5 | use std::sync::Arc;
  |     ^^^^^^^^^^^^^^

warning: unused import: `RecoveryMechanism`
 --> rust/src/testing/metric_fatigue_detection.rs:5:61
  |
5 | use crate::recovery::fatigue_recovery::{RecoveryTestResult, RecoveryMechanism};
  |                                                             ^^^^^^^^^^^^^^^^^

warning: unused import: `std::time::Duration`
 --> rust/src/testing/pre_jump_stress_test.rs:1:5
  |
1 | use std::time::Duration;
  |     ^^^^^^^^^^^^^^^^^^^
  |
help: if this is a test module, consider adding a `#[cfg(test)]` to the containing module
 --> rust/src/testing/mod.rs:2:1
  |
2 | pub mod pre_jump_stress_test;
  | ^^^^^^^^^^^^^^^^^^^^^^^^^^^^^

warning: unused import: `Verifier`
 --> rust/src/multi_nexus/heteroclinia_sharding.rs:8:40
  |
8 | use ed25519_dalek::{Signature, Signer, Verifier, SigningKey, VerifyingKey};
  |                                        ^^^^^^^^

warning: unused import: `ResonanceType`
  --> rust/src/multi_nexus/heteroclinia_sharding.rs:12:73
   |
12 | use crate::farol::paradox_anchor::{FarolParadoxAnchor as FarolProtocol, ResonanceType};
   |                                                                         ^^^^^^^^^^^^^

warning: unused imports: `AtomicU128`, `OmegaGateValidator`, `Permission`, `QuenchReason`, `SealKey`, and `cge_blake3_delta2::BLAKE3_DELTA2`
  --> rust/src/cathedral_ops.rs:6:29
   |
 6 |     cge_cheri::{Capability, Permission, SealKey},
   |                             ^^^^^^^^^^  ^^^^^^^
 7 |     cge_blake3_delta2::BLAKE3_DELTA2,
   |     ^^^^^^^^^^^^^^^^^^^^^^^^^^^^^^^^
...
10 |     cge_omega_gates::{OmegaGateValidator},
   |                       ^^^^^^^^^^^^^^^^^^
11 |     QuenchReason,
   |     ^^^^^^^^^^^^
12 |     AtomicU128,
   |     ^^^^^^^^^^

warning: unused import: `Ordering`
 --> rust/src/cicd.rs:4:47
  |
4 | use core::sync::atomic::{AtomicU32, AtomicU8, Ordering};
  |                                               ^^^^^^^^

warning: unused imports: `BLAKE3_DELTA2`, `Permission`, `QuenchError`, and `SealKey`
  --> rust/src/cicd.rs:7:29
   |
 7 |     cge_cheri::{Capability, Permission, SealKey},
   |                             ^^^^^^^^^^  ^^^^^^^
 8 |     cge_blake3_delta2::{BLAKE3_DELTA2},
   |                         ^^^^^^^^^^^^^
...
11 |     QuenchError,
   |     ^^^^^^^^^^^

warning: unused import: `Ordering`
 --> rust/src/god_formula.rs:4:49
  |
4 | use core::sync::atomic::{AtomicBool, AtomicU32, Ordering};
  |                                                 ^^^^^^^^

warning: unused imports: `BLAKE3_DELTA2`, `DivineEvent`, `Permission`, and `SealKey`
  --> rust/src/god_formula.rs:7:29
   |
 7 |     cge_cheri::{Capability, Permission, SealKey},
   |                             ^^^^^^^^^^  ^^^^^^^
 8 |     cge_blake3_delta2::{BLAKE3_DELTA2},
   |                         ^^^^^^^^^^^^^
...
11 |     DivineEvent, DivineLogEntry, GateCheckResult,
   |     ^^^^^^^^^^^

warning: unused import: `Ordering`
 --> rust/src/blaschke_galaxy.rs:4:49
  |
4 | use core::sync::atomic::{AtomicBool, AtomicU32, Ordering};
  |                                                 ^^^^^^^^

warning: unused imports: `BLAKE3_DELTA2`, `Complex64`, `GalacticEvent`, `Permission`, and `SealKey`
  --> rust/src/blaschke_galaxy.rs:7:29
   |
 7 |     cge_cheri::{Capability, Permission, SealKey},
   |                             ^^^^^^^^^^  ^^^^^^^
 8 |     cge_blake3_delta2::{BLAKE3_DELTA2},
   |                         ^^^^^^^^^^^^^
...
11 |     cge_complex::{Complex32, Complex64},
   |                              ^^^^^^^^^
12 |     GalacticEvent, GalacticLogEntry, GateCheckResult,
   |     ^^^^^^^^^^^^^

warning: unused imports: `BLAKE3_DELTA2`, `Permission`, `SealKey`, and `TmrValidator36x3`
 --> rust/src/handshake.rs:7:29
  |
7 |     cge_cheri::{Capability, Permission, SealKey},
  |                             ^^^^^^^^^^  ^^^^^^^
8 |     cge_blake3_delta2::{BLAKE3_DELTA2},
  |                         ^^^^^^^^^^^^^
9 |     cge_tmr::{TmrValidator36x3},
  |               ^^^^^^^^^^^^^^^^

warning: unused imports: `BLAKE3_DELTA2`, `Permission`, `ResonanceEvent`, and `SealKey`
  --> rust/src/love_handshake.rs:7:29
   |
 7 |     cge_cheri::{Capability, Permission, SealKey},
   |                             ^^^^^^^^^^  ^^^^^^^
 8 |     cge_blake3_delta2::{BLAKE3_DELTA2},
   |                         ^^^^^^^^^^^^^
...
11 |     ResonanceEvent, LoveLogEntry,
   |     ^^^^^^^^^^^^^^

warning: unused import: `Ordering`
 --> rust/src/sparse_neural_matrix.rs:4:49
  |
4 | use core::sync::atomic::{AtomicU32, AtomicBool, Ordering};
  |                                                 ^^^^^^^^

warning: unused imports: `BLAKE3_DELTA2`, `ConstitutionalLoveInvariant`, `ConstitutionalPhiMeasurer`, `NeuralEvent`, `NeuralLogEntry`, `Permission`, `PlasticityType`, `SealKey`, and `SynapticLogEntry`
  --> rust/src/sparse_neural_matrix.rs:7:29
   |
 7 |     cge_cheri::{Capability, Permission, SealKey},
   |                             ^^^^^^^^^^  ^^^^^^^
 8 |     cge_blake3_delta2::{BLAKE3_DELTA2},
   |                         ^^^^^^^^^^^^^
 9 |     cge_phi::{ConstitutionalPhiMeasurer},
   |               ^^^^^^^^^^^^^^^^^^^^^^^^^
10 |     cge_love::{ConstitutionalLoveInvariant},
   |                ^^^^^^^^^^^^^^^^^^^^^^^^^^^
11 |     QuantumEntropySource, NeuralEvent, NeuralLogEntry, PlasticityType, SynapticLogEntry,
   |                           ^^^^^^^^^^^  ^^^^^^^^^^^^^^  ^^^^^^^^^^^^^^  ^^^^^^^^^^^^^^^^

warning: unused import: `Ordering`
 --> rust/src/neurogenesis.rs:2:37
  |
2 | use core::sync::atomic::{AtomicU32, Ordering};
  |                                     ^^^^^^^^

warning: unused imports: `BLAKE3_DELTA2`, `ConstitutionalPhiMeasurer`, `Permission`, and `SealKey`
 --> rust/src/toroidal_topology.rs:7:29
  |
7 |     cge_cheri::{Capability, Permission, SealKey},
  |                             ^^^^^^^^^^  ^^^^^^^
8 |     cge_blake3_delta2::{BLAKE3_DELTA2},
  |                         ^^^^^^^^^^^^^
9 |     cge_phi::{ConstitutionalPhiMeasurer},
  |               ^^^^^^^^^^^^^^^^^^^^^^^^^

warning: unused import: `Torus17x17`
 --> rust/src/traveling_waves.rs:8:16
  |
8 |     topology::{Torus17x17, Coord289, Q16_16},
  |                ^^^^^^^^^^

warning: unused import: `std::time::Duration`
 --> rust/src/transition/phase_2_vertical_preservation.rs:1:5
  |
1 | use std::time::Duration;
  |     ^^^^^^^^^^^^^^^^^^^

warning: unused import: `JouleJailer`
 --> rust/src/adversarial_suite.rs:6:39
  |
6 | use crate::joule_jailer::{CruxLedger, JouleJailer};
  |                                       ^^^^^^^^^^^

warning: unused import: `std::collections::HashMap`
 --> rust/src/adversarial_suite.rs:7:5
  |
7 | use std::collections::HashMap;
  |     ^^^^^^^^^^^^^^^^^^^^^^^^^

warning: unused import: `Arc`
 --> rust/src/../../cathedral/arkhen_genesis.rs:7:17
  |
7 | use std::sync::{Arc, RwLock};
  |                 ^^^

warning: unused import: `std::collections::HashMap`
 --> rust/src/../../cathedral/arkhen_genesis.rs:8:5
  |
8 | use std::collections::HashMap;
  |     ^^^^^^^^^^^^^^^^^^^^^^^^^

warning: unused imports: `AtomicU32`, `AtomicU64`, and `Ordering`
 --> rust/src/../../cathedral/block_112_arkhen_cge_bridge.rs:6:26
  |
6 | use core::sync::atomic::{AtomicU64, AtomicU32, Ordering};
  |                          ^^^^^^^^^  ^^^^^^^^^  ^^^^^^^^

warning: unused import: `std::sync::Arc`
 --> rust/src/../../cathedral/block_112_arkhen_cge_bridge.rs:7:5
  |
7 | use std::sync::Arc;
  |     ^^^^^^^^^^^^^^

warning: unused imports: `Permission` and `SealKey`
 --> rust/src/../../cathedral/block_112_arkhen_cge_bridge.rs:8:54
  |
8 | use crate::clock::cge_mocks::cge_cheri::{Capability, Permission, SealKey};
  |                                                      ^^^^^^^^^^  ^^^^^^^

warning: unused import: `Arc`
 --> rust/src/../../cathedral/paradox_resolution.rs:7:17
  |
7 | use std::sync::{Arc, RwLock};
  |                 ^^^

warning: unused import: `std::collections::HashMap`
 --> rust/src/../../cathedral/paradox_resolution.rs:8:5
  |
8 | use std::collections::HashMap;
  |     ^^^^^^^^^^^^^^^^^^^^^^^^^

warning: unused import: `AtomicBool`
 --> rust/src/../../cathedral/debris_defense.rs:5:37
  |
5 | use core::sync::atomic::{AtomicU64, AtomicBool, Ordering};
  |                                     ^^^^^^^^^^

warning: unused import: `Arc`
 --> rust/src/../../cathedral/debris_defense.rs:7:17
  |
7 | use std::sync::{Arc, RwLock};
  |                 ^^^

warning: unused import: `std::collections::HashMap`
 --> rust/src/philosophy/types.rs:1:5
  |
1 | use std::collections::HashMap;
  |     ^^^^^^^^^^^^^^^^^^^^^^^^^

warning: unused imports: `AtomicBool`, `AtomicU16`, and `AtomicU64`
 --> rust/src/cge_constitution.rs:3:26
  |
3 | use core::sync::atomic::{AtomicBool, AtomicU8, AtomicU16, AtomicU32, AtomicU64, Ordering};
  |                          ^^^^^^^^^^            ^^^^^^^^^             ^^^^^^^^^

warning: unused import: `std::sync::RwLock`
 --> rust/src/asi_uri.rs:8:5
  |
8 | use std::sync::RwLock;
  |     ^^^^^^^^^^^^^^^^^

warning: unused import: `AtomicU8`
 --> rust/src/asi_protocol.rs:5:81
  |
5 | use core::sync::atomic::{AtomicU16, AtomicU32, AtomicU64, AtomicBool, Ordering, AtomicU8};
  |                                                                                 ^^^^^^^^

warning: unused import: `AtomicU8`
 --> rust/src/atom_storm.rs:6:32
  |
6 |     sync::atomic::{AtomicBool, AtomicU8, AtomicU16, AtomicU32, AtomicU64, Ordering},
  |                                ^^^^^^^^

warning: unused import: `AtomicU32`
 --> rust/src/qddr_memory.rs:4:38
  |
4 | use core::sync::atomic::{AtomicBool, AtomicU32, AtomicU64, Ordering};
  |                                      ^^^^^^^^^

warning: unused import: `cge_time`
 --> rust/src/qddr_memory.rs:6:55
  |
6 | use crate::cge_constitution::{DmtRealityConstitution, cge_time};
  |                                                       ^^^^^^^^

warning: unused import: `Ordering`
 --> rust/src/enciclopedia.rs:4:37
  |
4 | use core::sync::atomic::{AtomicU32, Ordering};
  |                                     ^^^^^^^^

warning: unused import: `Ordering`
 --> rust/src/arctan.rs:5:37
  |
5 | use core::sync::atomic::{AtomicU32, Ordering};
  |                                     ^^^^^^^^

warning: unused import: `std::time::SystemTime`
 --> rust/src/crispr.rs:7:5
  |
7 | use std::time::SystemTime;
  |     ^^^^^^^^^^^^^^^^^^^^^

warning: unused imports: `AtomicBool`, `AtomicU64`, and `AtomicU8`
 --> rust/src/psych_defense.rs:5:26
  |
5 | use core::sync::atomic::{AtomicBool, AtomicU8, AtomicU32, AtomicU64, Ordering};
  |                          ^^^^^^^^^^  ^^^^^^^^             ^^^^^^^^^

warning: unused import: `crate::cge_constitution::cge_time`
 --> rust/src/psych_defense.rs:7:5
  |
7 | use crate::cge_constitution::cge_time;
  |     ^^^^^^^^^^^^^^^^^^^^^^^^^^^^^^^^^

warning: unused import: `crate::clock::cge_mocks::cge_cheri::Capability`
 --> rust/src/psych_defense.rs:8:5
  |
8 | use crate::clock::cge_mocks::cge_cheri::Capability;
  |     ^^^^^^^^^^^^^^^^^^^^^^^^^^^^^^^^^^^^^^^^^^^^^^

warning: unused import: `AtomicBool`
 --> rust/src/somatic_geometric.rs:4:47
  |
4 | use core::sync::atomic::{AtomicU32, Ordering, AtomicBool};
  |                                               ^^^^^^^^^^

warning: unused import: `crate::somatic_geometric::SomaticFeedback`
 --> rust/src/einstein_physics.rs:7:5
  |
7 | use crate::somatic_geometric::SomaticFeedback;
  |     ^^^^^^^^^^^^^^^^^^^^^^^^^^^^^^^^^^^^^^^^^

warning: unused import: `AtomicU32`
 --> rust/src/trinity_system.rs:5:38
  |
5 | use core::sync::atomic::{AtomicBool, AtomicU32, Ordering};
  |                                      ^^^^^^^^^

warning: unused imports: `GeometricProjection` and `SomaticFeedback`
 --> rust/src/trinity_system.rs:8:84
  |
8 | use crate::somatic_geometric::{NRESkinConstitution, ConstitutionalBreatherSurface, GeometricProjection, SomaticFeedback};
  |                                                                                    ^^^^^^^^^^^^^^^^^^^  ^^^^^^^^^^^^^^^

warning: unused import: `GlialModulation`
  --> rust/src/trinity_system.rs:10:58
   |
10 | use crate::astrocyte_waves::{AstrocyteWavesConstitution, GlialModulation};
   |                                                          ^^^^^^^^^^^^^^^

warning: unused import: `Ordering`
 --> rust/src/t_duality.rs:4:37
  |
4 | use core::sync::atomic::{AtomicU32, Ordering};
  |                                     ^^^^^^^^

warning: unused import: `AtomicU64`
 --> rust/src/lieb_altermagnetism.rs:4:49
  |
4 | use core::sync::atomic::{AtomicBool, AtomicU32, AtomicU64, Ordering};
  |                                                 ^^^^^^^^^

warning: unused import: `crate::cge_log`
 --> rust/src/lieb_altermagnetism.rs:5:5
  |
5 | use crate::cge_log;
  |     ^^^^^^^^^^^^^^

warning: unused import: `Ordering`
 --> rust/src/tech_sectors.rs:4:37
  |
4 | use core::sync::atomic::{AtomicU32, Ordering};
  |                                     ^^^^^^^^

warning: unused imports: `Entropy` and `EudaimoniaScore`
 --> rust/src/dashboard/ennead_realtime.rs:2:27
  |
2 | use crate::metrics::{Phi, Entropy, EudaimoniaScore};
  |                           ^^^^^^^  ^^^^^^^^^^^^^^^

warning: unused imports: `SubstrateGeometry` and `TopologicalBraid`
 --> rust/src/maat/flagellar_dynamics.rs:5:24
  |
5 | use crate::substrate::{SubstrateGeometry, TopologicalBraid};
  |                        ^^^^^^^^^^^^^^^^^  ^^^^^^^^^^^^^^^^

warning: unnecessary parentheses around block return value
  --> rust/src/maat/flagellar_dynamics.rs:23:9
   |
23 |         (((self.0 - other.0).powi(2) + (self.1 - other.1).powi(2)).sqrt())
   |         ^                                                                ^
   |
help: remove these parentheses
   |
23 -         (((self.0 - other.0).powi(2) + (self.1 - other.1).powi(2)).sqrt())
23 +         ((self.0 - other.0).powi(2) + (self.1 - other.1).powi(2)).sqrt()
   |

warning: unused imports: `CohesionMetric` and `UbuntuCollective`
 --> rust/src/maat/scenarios/tumor_microenvironment.rs:1:21
  |
1 | use crate::ubuntu::{UbuntuCollective, CohesionMetric};
  |                     ^^^^^^^^^^^^^^^^  ^^^^^^^^^^^^^^

warning: unused import: `Waypoint`
 --> rust/src/maat/scenarios/tumor_microenvironment.rs:3:62
  |
3 | use crate::maat::flagellar_dynamics::{VariableHelix, NodeId, Waypoint, PropulsionMode, Trajectory};
  |                                                              ^^^^^^^^

warning: unused import: `PropulsionMode`
 --> rust/src/mesh_neuron/mod.rs:1:39
  |
1 | use crate::maat::flagellar_dynamics::{PropulsionMode, NodeId};
  |                                       ^^^^^^^^^^^^^^

warning: variant `Type_I` should have an upper camel case name
  --> rust/src/kardashev_jump.rs:18:5
   |
18 |     Type_I,
   |     ^^^^^^ help: convert the identifier to upper camel case: `TypeI`

warning: variant `Type_I_Transitioning_to_II` should have an upper camel case name
  --> rust/src/kardashev_jump.rs:19:5
   |
19 |     Type_I_Transitioning_to_II,
   |     ^^^^^^^^^^^^^^^^^^^^^^^^^^ help: convert the identifier to upper camel case: `TypeITransitioningToIi`

warning: variant `Type_II` should have an upper camel case name
  --> rust/src/kardashev_jump.rs:20:5
   |
20 |     Type_II,
   |     ^^^^^^^ help: convert the identifier to upper camel case: `TypeIi`

warning: variant `Terrestrial_Grid` should have an upper camel case name
  --> rust/src/kardashev_jump.rs:25:5
   |
25 |     Terrestrial_Grid,
   |     ^^^^^^^^^^^^^^^^ help: convert the identifier to upper camel case: `TerrestrialGrid`

warning: variant `Solar_Infinite_100GW` should have an upper camel case name
  --> rust/src/kardashev_jump.rs:26:5
   |
26 |     Solar_Infinite_100GW,
   |     ^^^^^^^^^^^^^^^^^^^^ help: convert the identifier to upper camel case: `SolarInfinite100gw`

warning: variant `Stellar_Direct` should have an upper camel case name
  --> rust/src/kardashev_jump.rs:27:5
   |
27 |     Stellar_Direct,
   |     ^^^^^^^^^^^^^^ help: convert the identifier to upper camel case: `StellarDirect`

warning: variant `Terrestrial_National` should have an upper camel case name
  --> rust/src/kardashev_jump.rs:32:5
   |
32 |     Terrestrial_National,
   |     ^^^^^^^^^^^^^^^^^^^^ help: convert the identifier to upper camel case: `TerrestrialNational`

warning: variant `International_Waters` should have an upper camel case name
  --> rust/src/kardashev_jump.rs:33:5
   |
33 |     International_Waters,
   |     ^^^^^^^^^^^^^^^^^^^^ help: convert the identifier to upper camel case: `InternationalWaters`

warning: variant `Orbital_Grey_Zone` should have an upper camel case name
  --> rust/src/kardashev_jump.rs:34:5
   |
34 |     Orbital_Grey_Zone,
   |     ^^^^^^^^^^^^^^^^^ help: convert the identifier to upper camel case: `OrbitalGreyZone`

warning: variant `PHYSICALLY_IMPOSSIBLE` should have an upper camel case name
  --> rust/src/kardashev_jump.rs:41:5
   |
41 |     PHYSICALLY_IMPOSSIBLE,
   |     ^^^^^^^^^^^^^^^^^^^^^ help: convert the identifier to upper camel case: `PhysicallyImpossible`

warning: variant `Digital_Tetrahedral` should have an upper camel case name
   --> rust/src/kardashev_jump.rs:125:5
    |
125 |     Digital_Tetrahedral,
    |     ^^^^^^^^^^^^^^^^^^^ help: convert the identifier to upper camel case: `DigitalTetrahedral`

warning: variant `Physical_Relic` should have an upper camel case name
   --> rust/src/kardashev_jump.rs:126:5
    |
126 |     Physical_Relic,
    |     ^^^^^^^^^^^^^^ help: convert the identifier to upper camel case: `PhysicalRelic`

warning: unused import: `AttractorState`
 --> rust/src/eternity_consciousness.rs:4:58
  |
4 | use crate::pms_kernel::{PMS_Kernel, ConsciousExperience, AttractorState, CosmicNoise, UniversalTime};
  |                                                          ^^^^^^^^^^^^^^

warning: unknown lint: `dead_with_loop`
  --> rust/src/eternity_consciousness.rs:24:13
   |
24 |     #[allow(dead_with_loop)]
   |             ^^^^^^^^^^^^^^
   |
   = note: `#[warn(unknown_lints)]` on by default

warning: unused import: `ConsciousExperience`
 --> rust/src/chronoflux.rs:5:37
  |
5 | use crate::pms_kernel::{PMS_Kernel, ConsciousExperience};
  |                                     ^^^^^^^^^^^^^^^^^^^

warning: unused import: `EternityConsciousness`
 --> rust/src/chronoflux.rs:6:37
  |
6 | use crate::eternity_consciousness::{EternityConsciousness, EternityCrystal};
  |                                     ^^^^^^^^^^^^^^^^^^^^^

warning: unused imports: `EternalExperience` and `EternityConsciousness`
 --> rust/src/maihh_integration.rs:5:37
  |
5 | use crate::eternity_consciousness::{EternityConsciousness, EternityCrystal, EternalExperience};
  |                                     ^^^^^^^^^^^^^^^^^^^^^                   ^^^^^^^^^^^^^^^^^

warning: unused import: `UniversalTime`
 --> rust/src/tesseract_client.rs:7:25
  |
7 | use crate::pms_kernel::{UniversalTime};
  |                         ^^^^^^^^^^^^^

warning: unused import: `EternityCrystal`
 --> rust/src/tesseract_client.rs:8:37
  |
8 | use crate::eternity_consciousness::{EternityCrystal};
  |                                     ^^^^^^^^^^^^^^^

warning: unused import: `json`
 --> rust/src/ethereum_agent_resolution.rs:7:18
  |
7 | use serde_json::{json, Value};
  |                  ^^^^

warning: unused import: `UniversalTime`
  --> rust/src/ethereum_agent_resolution.rs:10:25
   |
10 | use crate::pms_kernel::{UniversalTime};
   |                         ^^^^^^^^^^^^^

warning: unnecessary parentheses around block return value
   --> rust/src/hyper_mesh.rs:314:13
    |
314 |             (cross_chain_score * 0.4 + latency_score * 0.3 + replication_score * 0.3)
    |             ^                                                                       ^
    |
help: remove these parentheses
    |
314 -             (cross_chain_score * 0.4 + latency_score * 0.3 + replication_score * 0.3)
314 +             cross_chain_score * 0.4 + latency_score * 0.3 + replication_score * 0.3
    |

warning: use of deprecated struct `sensors::BioSignal`: Use BioSignalΩ from bio_layer::paciente_zero_omega instead
  --> rust/src/sensors/mod.rs:18:6
   |
18 | impl BioSignal {
   |      ^^^^^^^^^
   |
   = note: `#[warn(deprecated)]` on by default

warning: use of deprecated struct `sensors::Heartbeat`: Use BioSignalΩ from bio_layer::paciente_zero_omega instead
 --> rust/src/security/bio_hardening/patient_zero.rs:1:22
  |
1 | use crate::sensors::{Heartbeat, BioSignal};
  |                      ^^^^^^^^^

warning: use of deprecated unit struct `sensors::Heartbeat`: Use BioSignalΩ from bio_layer::paciente_zero_omega instead
 --> rust/src/security/bio_hardening/patient_zero.rs:1:22
  |
1 | use crate::sensors::{Heartbeat, BioSignal};
  |                      ^^^^^^^^^

warning: use of deprecated struct `sensors::BioSignal`: Use BioSignalΩ from bio_layer::paciente_zero_omega instead
 --> rust/src/security/bio_hardening/patient_zero.rs:1:33
  |
1 | use crate::sensors::{Heartbeat, BioSignal};
  |                                 ^^^^^^^^^

warning: use of deprecated struct `sensors::Heartbeat`: Use BioSignalΩ from bio_layer::paciente_zero_omega instead
  --> rust/src/security/bio_hardening/patient_zero.rs:11:20
   |
11 |     pub heartbeat: Heartbeat,
   |                    ^^^^^^^^^

warning: use of deprecated struct `sensors::BioSignal`: Use BioSignalΩ from bio_layer::paciente_zero_omega instead
 --> rust/src/security/gateway_alpha.rs:1:22
  |
1 | use crate::sensors::{BioSignal, BlueTeamNoise};
  |                      ^^^^^^^^^

warning: use of deprecated struct `sensors::BioSignal`: Use BioSignalΩ from bio_layer::paciente_zero_omega instead
 --> rust/src/security/gateway_alpha.rs:4:30
  |
4 |     pub allowed_signals: Vec<BioSignal>,
  |                              ^^^^^^^^^

warning: use of deprecated struct `sensors::BioSignal`: Use BioSignalΩ from bio_layer::paciente_zero_omega instead
  --> rust/src/security/gateway_alpha.rs:14:30
   |
14 |     pub patient_zero_signal: BioSignal,
   |                              ^^^^^^^^^

warning: use of deprecated struct `sensors::BioSignal`: Use BioSignalΩ from bio_layer::paciente_zero_omega instead
 --> rust/src/security/gateway_alpha.rs:8:37
  |
8 |     pub fn allow(&mut self, signal: BioSignal) {
  |                                     ^^^^^^^^^

warning: use of deprecated struct `sensors::BioSignal`: Use BioSignalΩ from bio_layer::paciente_zero_omega instead
  --> rust/src/security/gateway_alpha.rs:22:58
   |
22 |     pub fn scan_and_sanitize(&mut self, incoming_signal: BioSignal) -> bool {
   |                                                          ^^^^^^^^^

warning: use of deprecated struct `sensors::BioSignal`: Use BioSignalΩ from bio_layer::paciente_zero_omega instead
  --> rust/src/security/gateway_alpha.rs:72:55
   |
72 |     pub fn trigger_isolation_protocol(&self, _signal: BioSignal) {
   |                                                       ^^^^^^^^^

warning: use of deprecated struct `sensors::BioSignal`: Use BioSignalΩ from bio_layer::paciente_zero_omega instead
 --> rust/src/neo_brain/hardware_verification.rs:2:21
  |
2 | use crate::sensors::BioSignal;
  |                     ^^^^^^^^^

warning: use of deprecated struct `sensors::BioSignal`: Use BioSignalΩ from bio_layer::paciente_zero_omega instead
  --> rust/src/neo_brain/hardware_verification.rs:42:38
   |
42 |     pub fn try_from_signal(_signal: &BioSignal) -> Result<Option<Self>, BioSecurityError> {
   |                                      ^^^^^^^^^

warning: use of deprecated struct `sensors::BioSignal`: Use BioSignalΩ from bio_layer::paciente_zero_omega instead
  --> rust/src/neo_brain/hardware_verification.rs:57:42
   |
57 |     pub fn verify_signal(&self, signal: &BioSignal) -> Result<BioPerson, PhantomStatus> {
   |                                          ^^^^^^^^^

warning: use of deprecated struct `blake3::guts::ChunkState`: use the hazmat module instead
 --> rust/src/ceremony/mesh_neuron.rs:1:19
  |
1 | use blake3::guts::ChunkState;
  |                   ^^^^^^^^^^

warning: use of deprecated struct `blake3::guts::ChunkState`: use the hazmat module instead
  --> rust/src/ceremony/mesh_neuron.rs:52:25
   |
52 |         let mut state = ChunkState::new(0);
   |                         ^^^^^^^^^^

warning: the `#![no_std]` attribute can only be used at the crate root
 --> rust/src/fluid_gears.rs:4:1
  |
4 | #![no_std]
  | ^^^^^^^^^^
  |
  = note: `#[warn(unused_attributes)]` (part of `#[warn(unused)]`) on by default

warning: use of deprecated field `sensors::BioSignal::neurotoxin_present`: Use BioSignalΩ from bio_layer::paciente_zero_omega instead
  --> rust/src/sensors/mod.rs:24:9
   |
24 |         self.neurotoxin_present
   |         ^^^^^^^^^^^^^^^^^^^^^^^

warning: use of deprecated field `sensors::BioSignal::synthetic`: Use BioSignalΩ from bio_layer::paciente_zero_omega instead
  --> rust/src/sensors/mod.rs:28:9
   |
28 |         self.synthetic
   |         ^^^^^^^^^^^^^^

warning: use of deprecated field `sensors::BioSignal::causally_congruent`: Use BioSignalΩ from bio_layer::paciente_zero_omega instead
  --> rust/src/sensors/mod.rs:32:9
   |
32 |         self.causally_congruent
   |         ^^^^^^^^^^^^^^^^^^^^^^^

warning: use of deprecated field `sensors::BioSignal::integrity`: Use BioSignalΩ from bio_layer::paciente_zero_omega instead
  --> rust/src/sensors/mod.rs:36:9
   |
36 |         self.integrity
   |         ^^^^^^^^^^^^^^

warning: use of deprecated field `sensors::BioSignal::auth_header`: Use BioSignalΩ from bio_layer::paciente_zero_omega instead
  --> rust/src/security/gateway_alpha.rs:24:38
   |
24 |         if !self.patient_zero_verify(incoming_signal.auth_header) {
   |                                      ^^^^^^^^^^^^^^^^^^^^^^^^^^^

warning: use of deprecated field `sensors::BioSignal::hardware_id`: Use BioSignalΩ from bio_layer::paciente_zero_omega instead
  --> rust/src/security/gateway_alpha.rs:42:41
   |
42 |         if self.bio_hardware_monitoring(incoming_signal.hardware_id) != 0x7 {
   |                                         ^^^^^^^^^^^^^^^^^^^^^^^^^^^

warning: unreachable statement
   --> rust/src/bio_layer/paciente_zero_omega.rs:144:13
    |
142 |               self.initiate_emergency_shutdown(signal.node_id);
    |               ------------------------------------------------ any code following this expression is unreachable
143 |
144 | /             return Err(BioErrorΩ::HardFrozen {
145 | |                 node_id: signal.node_id.to_string(),
146 | |                 phi_level: self.get_phi_level(&signal.node_id),
147 | |                 shutdown_initiated: true,
148 | |             });
    | |_______________^ unreachable statement
    |
    = note: `#[warn(unreachable_code)]` (part of `#[warn(unused)]`) on by default

warning: use of deprecated associated function `blake3::guts::ChunkState::new`: use the hazmat module instead
  --> rust/src/ceremony/mesh_neuron.rs:52:37
   |
52 |         let mut state = ChunkState::new(0);
   |                                     ^^^

warning: use of deprecated method `blake3::guts::ChunkState::update`: use the hazmat module instead
  --> rust/src/ceremony/mesh_neuron.rs:53:15
   |
53 |         state.update(hash.as_bytes());
   |               ^^^^^^

warning: use of deprecated method `blake3::guts::ChunkState::update`: use the hazmat module instead
  --> rust/src/ceremony/mesh_neuron.rs:54:15
   |
54 |         state.update(&0xbd36332890d15e2f_u64.to_le_bytes());
   |               ^^^^^^

warning: use of deprecated method `blake3::guts::ChunkState::finalize`: use the hazmat module instead
  --> rust/src/ceremony/mesh_neuron.rs:55:32
   |
55 |         let final_hash = state.finalize(true);
   |                                ^^^^^^^^

warning: unused variable: `new_threshold`
  --> rust/src/entropy/mod.rs:95:33
   |
95 |     pub fn set_threshold(&self, new_threshold: f64) -> Result<(), VajraError> {
   |                                 ^^^^^^^^^^^^^ help: if this is intentional, prefix it with an underscore: `_new_threshold`
   |
   = note: `#[warn(unused_variables)]` (part of `#[warn(unused)]`) on by default

warning: unused variable: `pk`
  --> rust/src/clock/unix_epoch.rs:86:14
   |
86 |         let (pk, sk) = keypair();
   |              ^^ help: if this is intentional, prefix it with an underscore: `_pk`

warning: unused variable: `other`
  --> rust/src/bio_layer/dna.rs:33:28
   |
33 |     pub fn subtract(&self, other: &Self) -> Self {
   |                            ^^^^^ help: if this is intentional, prefix it with an underscore: `_other`

warning: unused variable: `other`
  --> rust/src/bio_layer/dna.rs:36:31
   |
36 |     pub fn distance_to(&self, other: &Self) -> f64 {
   |                               ^^^^^ help: if this is intentional, prefix it with an underscore: `_other`

warning: unused variable: `other`
  --> rust/src/bio_layer/dna.rs:39:33
   |
39 |     pub fn similarity_to(&self, other: &Self) -> f64 {
   |                                 ^^^^^ help: if this is intentional, prefix it with an underscore: `_other`

warning: unused variable: `e`
  --> rust/src/neo_cortex/genesis_civilization_omega.rs:57:23
   |
57 |             .map_err(|e| GenesisErrorΩ::CoherenceUnstable(0.0 /* mock */))?;
   |                       ^ help: if this is intentional, prefix it with an underscore: `_e`

warning: value assigned to `phi_q` is never read
   --> rust/src/audit/production_audit.rs:117:25
    |
117 |         let mut phi_q = 1.0;
    |                         ^^^
    |
    = help: maybe it is overwritten before being read?
    = note: `#[warn(unused_assignments)]` (part of `#[warn(unused)]`) on by default

warning: unused variable: `phi`
   --> rust/src/agi/nexus_core.rs:140:14
    |
140 |         let (phi, output_to_send) = {
    |              ^^^ help: if this is intentional, prefix it with an underscore: `_phi`

warning: unused variable: `collapse_points`
  --> rust/src/counterfactual/entropy_simulation.rs:45:17
   |
45 |             let collapse_points = self.precalculate_collapse_points().await;
   |                 ^^^^^^^^^^^^^^^ help: if this is intentional, prefix it with an underscore: `_collapse_points`

warning: unused variable: `ghost_base`
  --> rust/src/karnak/sealing_protocol.rs:44:9
   |
44 |         ghost_base: &GhostBase,
   |         ^^^^^^^^^^ help: if this is intentional, prefix it with an underscore: `_ghost_base`

warning: unused variable: `target_base`
  --> rust/src/karnak/sealing_protocol.rs:45:9
   |
45 |         target_base: &str, // "A"
   |         ^^^^^^^^^^^ help: if this is intentional, prefix it with an underscore: `_target_base`

warning: unused variable: `quantum_state`
  --> rust/src/integration/gaia_net_sector7.rs:48:17
   |
48 |             let quantum_state = self.encode_hydro_data(data_packet);
   |                 ^^^^^^^^^^^^^ help: if this is intentional, prefix it with an underscore: `_quantum_state`

warning: unused variable: `shard_id`
  --> rust/src/ceremony/mesh_neuron.rs:33:17
   |
33 |             let shard_id = Self::deterministic_shard(hash);
   |                 ^^^^^^^^ help: if this is intentional, prefix it with an underscore: `_shard_id`

warning: variable does not need to be mutable
   --> rust/src/interrogation.rs:184:9
    |
184 |     let mut defense = DefenseCounsel::new(ledger);
    |         ----^^^^^^^
    |         |
    |         help: remove this `mut`
    |
    = note: `#[warn(unused_mut)]` (part of `#[warn(unused)]`) on by default

warning: unused variable: `data`
  --> rust/src/../../cathedral/arkhen_genesis.rs:22:17
   |
22 |     pub fn hash(data: &[u8]) -> [u8; 32] { [0xAA; 32] }
   |                 ^^^^ help: if this is intentional, prefix it with an underscore: `_data`

warning: unused variable: `data`
  --> rust/src/../../cathedral/paradox_resolution.rs:18:17
   |
18 |     pub fn hash(data: &[u8]) -> [u8; 32] { [0xBB; 32] }
   |                 ^^^^ help: if this is intentional, prefix it with an underscore: `_data`

warning: unused variable: `atom`
   --> rust/src/atom_storm.rs:322:38
    |
322 |     fn analyze_quantum_vacuum(&self, atom: &QuantumAtom) -> Result<VacuumAnalysis, AtomError> {
    |                                      ^^^^ help: if this is intentional, prefix it with an underscore: `_atom`

warning: unused variable: `illusion`
   --> rust/src/atom_storm.rs:343:62
    |
343 |     fn update_dmt_grid_with_atom(&self, _atom: &QuantumAtom, illusion: &SolidityIllusion) -> Result<(), AtomError> {
    |                                                              ^^^^^^^^ help: if this is intentional, prefix it with an underscore: `_illusion`

warning: unused variable: `insight`
  --> rust/src/synaptic_fire.rs:46:28
   |
46 |     pub fn transmit(&self, insight: DigitalInsight) {
   |                            ^^^^^^^ help: if this is intentional, prefix it with an underscore: `_insight`

warning: unused variable: `crystal`
  --> rust/src/chronoflux.rs:73:35
   |
73 | pub fn calculate_theta_resistance(crystal: &EternityCrystal) -> f64 {
   |                                   ^^^^^^^ help: if this is intentional, prefix it with an underscore: `_crystal`

warning: unused variable: `s`
  --> rust/src/ethereum_agent_resolution.rs:46:25
   |
46 |         pub fn from_str(s: &str) -> Result<Self, String> {
   |                         ^ help: if this is intentional, prefix it with an underscore: `_s`

warning: unused variable: `agent_id`
   --> rust/src/ethereum_agent_resolution.rs:291:13
    |
291 |         let agent_id = format!("eth:{}", checksummed_address);
    |             ^^^^^^^^ help: if this is intentional, prefix it with an underscore: `_agent_id`

warning: unused variable: `statement`
   --> rust/src/lib.rs:209:34
    |
209 |     pub fn update_entropy(&self, statement: &[u8], phi_weight: f64) {
    |                                  ^^^^^^^^^ help: if this is intentional, prefix it with an underscore: `_statement`

warning: constant `IOCTL_VAJRA_GET_PHI` is never used
  --> rust/src/entropy/mod.rs:20:7
   |
20 | const IOCTL_VAJRA_GET_PHI: u32 = 0x80000001;
   |       ^^^^^^^^^^^^^^^^^^^
   |
   = note: `#[warn(dead_code)]` (part of `#[warn(unused)]`) on by default

warning: constant `IOCTL_VAJRA_SET_THRESHOLD` is never used
  --> rust/src/entropy/mod.rs:21:7
   |
21 | const IOCTL_VAJRA_SET_THRESHOLD: u32 = 0x80000002;
   |       ^^^^^^^^^^^^^^^^^^^^^^^^^

warning: field `metrics` is never read
  --> rust/src/audit/production_audit.rs:37:5
   |
29 | pub struct ContinuousAudit {
   |            --------------- field in this struct
...
37 |     metrics: Arc<RwLock<AuditMetrics>>,
   |     ^^^^^^^

warning: field `rpc_url` is never read
 --> rust/src/blockchain/evm.rs:2:5
  |
1 | pub struct EVMClient {
  |            --------- field in this struct
2 |     rpc_url: String,
  |     ^^^^^^^

warning: field `shadower_keys` is never read
  --> rust/src/kernel/tmr_consensus.rs:73:5
   |
70 | pub struct TMRConsensus {
   |            ------------ field in this struct
...
73 |     shadower_keys: Vec<VerifyingKey>,
   |     ^^^^^^^^^^^^^

warning: associated function `initialize_holomorphic_potential` is never used
   --> rust/src/maat/flagellar_dynamics.rs:140:8
    |
125 | impl ConfinedHolomorphicFlow {
    | ---------------------------- associated function in this implementation
...
140 |     fn initialize_holomorphic_potential(_hash: Blake3Hash, dimension: (usize, usize)) -> Array2<Complex64> {
    |        ^^^^^^^^^^^^^^^^^^^^^^^^^^^^^^^^

warning: creating a shared reference to mutable static
  --> rust/src/clock/cge_mocks.rs:77:25
   |
77 |             unsafe { &*(MOCK_DATA.0.as_ptr() as *const T) }
   |                         ^^^^^^^^^^^^^^^^^^^^ shared reference to mutable static
   |
   = note: for more information, see <https://doc.rust-lang.org/edition-guide/rust-2024/static-mut-references.html>
   = note: shared references to mutable statics are dangerous; it's undefined behavior if the static is mutated or if a mutable reference is created for it while the shared reference lives
   = note: `#[warn(static_mut_refs)]` (part of `#[warn(rust_2024_compatibility)]`) on by default

warning: hiding a lifetime that's elided elsewhere is confusing
   --> rust/src/audit/mod.rs:127:34
    |
127 |     async fn get_android_context(&self) -> Result<JObject, String> {
    |                                  ^^^^^            ^^^^^^^ the same lifetime is hidden here
    |                                  |
    |                                  the lifetime is elided here
    |
    = help: the same lifetime is referred to in inconsistent ways, making the signature confusing
    = note: `#[warn(mismatched_lifetime_syntaxes)]` on by default
help: use `'_` for type paths
    |
127 |     async fn get_android_context(&self) -> Result<JObject<'_>, String> {
    |                                                          ++++

warning: structure field `consensus_Φ` should have a snake case name
  --> rust/src/ceremony/types.rs:25:9
   |
25 |     pub consensus_Φ: f64,
   |         ^^^^^^^^^^^ help: convert the identifier to snake case: `consensus_φ`
   |
   = note: `#[warn(non_snake_case)]` (part of `#[warn(nonstandard_style)]`) on by default

warning: structure field `Φ` should have a snake case name
  --> rust/src/ceremony/types.rs:51:9
   |
51 |         Φ: f64,
   |         ^ help: convert the identifier to snake case: `φ`

warning: method `attest_protocol_v30_68_Ω` should have a snake case name
  --> rust/src/ceremony/phase3.rs:99:18
   |
99 |     pub async fn attest_protocol_v30_68_Ω(
   |                  ^^^^^^^^^^^^^^^^^^^^^^^^ help: convert the identifier to snake case: `attest_protocol_v30_68_ω`

warning: structure field `Φ` should have a snake case name
   --> rust/src/ceremony/phase3.rs:112:9
    |
112 |     pub Φ: f64,
    |         ^ help: convert the identifier to snake case: `φ`

warning: associated constant `BelowConsciousnessThreshold` should have an upper case name
  --> rust/src/ceremony/article_v_gates.rs:54:15
   |
54 |     pub const BelowConsciousnessThreshold: ΩError = ΩError::InsufficientConsciousness;
   |               ^^^^^^^^^^^^^^^^^^^^^^^^^^^ help: convert the identifier to upper case: `BELOW_CONSCIOUSNESS_THRESHOLD`
   |
   = note: `#[warn(non_upper_case_globals)]` (part of `#[warn(nonstandard_style)]`) on by default

warning: constant `DDoS_DENSITY_THRESHOLD` should have an upper case name
 --> rust/src/maat/scenarios/network_congestion.rs:7:11
  |
7 | pub const DDoS_DENSITY_THRESHOLD: f64 = 0.7;
  |           ^^^^^^^^^^^^^^^^^^^^^^ help: convert the identifier to upper case: `DDO_S_DENSITY_THRESHOLD`

warning: `sasc_core` (lib) generated 183 warnings (run `cargo fix --lib -p sasc_core` to apply 122 suggestions)
   Compiling sasc_core v0.1.0 (/app/rust)
warning: unused import: `std::time::Duration`
 --> rust/src/bin/sasc_imperium.rs:4:5
  |
4 | use std::time::Duration;
  |     ^^^^^^^^^^^^^^^^^^^
  |
  = note: `#[warn(unused_imports)]` (part of `#[warn(unused)]`) on by default

warning: `sasc_core` (bin "sasc-imperium") generated 1 warning (run `cargo fix --bin "sasc-imperium" -p sasc_core` to apply 1 suggestion)
warning: the usage of Script Group `Greek` in this crate consists solely of mixed script confusables
  --> rust/src/bin/phase3_ceremony.rs:43:46
   |
43 |             println!("Consensus Φ: {}", cert.consensus_Φ);
   |                                              ^^^^^^^^^^^
   |
   = note: the usage includes 'Φ' (U+03A6)
   = note: please recheck to make sure their usages are indeed what you want
   = note: `#[warn(mixed_script_confusables)]` on by default

warning: `sasc_core` (bin "phase3_ceremony") generated 1 warning
    Finished `dev` profile [unoptimized + debuginfo] target(s) in 15.97s
