warning: profiles for the non root package will be ignored, specify profiles at the workspace root:
package:   /app/agi-service/Cargo.toml
workspace: /app/Cargo.toml
warning: profiles for the non root package will be ignored, specify profiles at the workspace root:
package:   /app/atomic-interference-processor/Cargo.toml
workspace: /app/Cargo.toml
warning: profiles for the non root package will be ignored, specify profiles at the workspace root:
package:   /app/cge_alpha_unified/Cargo.toml
workspace: /app/Cargo.toml
warning: profiles for the non root package will be ignored, specify profiles at the workspace root:
package:   /app/cge_www_universal/Cargo.toml
workspace: /app/Cargo.toml
warning: profiles for the non root package will be ignored, specify profiles at the workspace root:
package:   /app/cge_constitutional_renderer/Cargo.toml
workspace: /app/Cargo.toml
warning: profiles for the non root package will be ignored, specify profiles at the workspace root:
package:   /app/cge_constitutional_binary_engine/Cargo.toml
workspace: /app/Cargo.toml
warning: profiles for the non root package will be ignored, specify profiles at the workspace root:
package:   /app/cge_constitutional_echo_engine/Cargo.toml
workspace: /app/Cargo.toml
warning: profiles for the non root package will be ignored, specify profiles at the workspace root:
package:   /app/safecore-9d/Cargo.toml
workspace: /app/Cargo.toml
ðŸ”— Found pyo3 bindings
ðŸ Found CPython 3.12 at /home/jules/.pyenv/versions/3.12.12/bin/python3
warning: profiles for the non root package will be ignored, specify profiles at the workspace root:
package:   /app/agi-service/Cargo.toml
workspace: /app/Cargo.toml
warning: profiles for the non root package will be ignored, specify profiles at the workspace root:
package:   /app/atomic-interference-processor/Cargo.toml
workspace: /app/Cargo.toml
warning: profiles for the non root package will be ignored, specify profiles at the workspace root:
package:   /app/cge_alpha_unified/Cargo.toml
workspace: /app/Cargo.toml
warning: profiles for the non root package will be ignored, specify profiles at the workspace root:
package:   /app/cge_www_universal/Cargo.toml
workspace: /app/Cargo.toml
warning: profiles for the non root package will be ignored, specify profiles at the workspace root:
package:   /app/cge_constitutional_renderer/Cargo.toml
workspace: /app/Cargo.toml
warning: profiles for the non root package will be ignored, specify profiles at the workspace root:
package:   /app/cge_constitutional_binary_engine/Cargo.toml
workspace: /app/Cargo.toml
warning: profiles for the non root package will be ignored, specify profiles at the workspace root:
package:   /app/cge_constitutional_echo_engine/Cargo.toml
workspace: /app/Cargo.toml
warning: profiles for the non root package will be ignored, specify profiles at the workspace root:
package:   /app/safecore-9d/Cargo.toml
workspace: /app/Cargo.toml
warning: /app/Cargo.toml: `panic` setting is ignored for `bench` profile
warning: /app/atomic-interference-processor/Cargo.toml: `panic` setting is ignored for `bench` profile
   Compiling pyo3-build-config v0.20.3
   Compiling pyo3-macros-backend v0.20.3
   Compiling pyo3-ffi v0.20.3
   Compiling pyo3 v0.20.3
   Compiling pyo3-macros v0.20.3
   Compiling numpy v0.20.0
   Compiling arkhe-agi v1.0.0 (/app/arkhe-agi)
warning: fields `id`, `coords`, and `embedding` are never read
  --> arkhe-agi/src/lib.rs:13:5
   |
12 | struct Node {
   |        ---- fields in this struct
13 |     id: u64,
   |     ^^
14 |     coords: (f64, f64),
   |     ^^^^^^
15 |     embedding: Vec<f64>,
   |     ^^^^^^^^^
   |
   = note: `#[warn(dead_code)]` (part of `#[warn(unused)]`) on by default

warning: non-local `impl` definition, `impl` blocks should be written at the same level as their item
  --> arkhe-agi/src/lib.rs:18:1
   |
18 | #[pymethods]
   | -^^^^^^^^^^^
   | |
   | `PyClassImplCollector` is not local
   | `PyClassNewTextSignature` is not local
   | move the `impl` block outside of this function `trampoline` and up 4 bodies
19 | impl AGICore {
   |      -------
   |      |
   |      `AGICore` is not local
   |      `AGICore` is not local
   |
   = note: the attribute macro `pymethods` defines the non-local `impl`, and may need to be changed
   = note: the attribute macro `pymethods` may come from an old version of the `pyo3_macros` crate, try updating your dependency with `cargo update -p pyo3_macros`
   = note: an `impl` is never scoped, even when it is nested inside an item, as it may impact type checking outside of that item, which can be the case if neither the trait or the self type are at the same nesting level as the `impl`
   = note: `#[warn(non_local_definitions)]` on by default
   = note: this warning originates in the attribute macro `pymethods` (in Nightly builds, run with -Z macro-backtrace for more info)

warning: `arkhe-agi` (lib) generated 2 warnings
    Finished `release` profile [optimized] target(s) in 12.72s
ðŸ“¦ Built wheel for CPython 3.12 to /app/target/wheels/arkhe_agi-1.0.0-cp312-cp312-manylinux_2_34_x86_64.whl
WARNING: Requirement 'target/wheels/*.whl' looks like a filename, but the file does not exist

[notice] A new release of pip is available: 25.3 -> 26.0.1
[notice] To update, run: pip install --upgrade pip
ERROR: Invalid wheel filename (wrong number of parts): '*'
